<?xml version="1.0" encoding="UTF-8"?>
<testng-results skipped="0" failed="0" ignored="0" total="1" passed="1">
  <reporter-output>
  </reporter-output>
  <suite name="Default suite" duration-ms="205731" started-at="2019-06-09T23:34:02Z" finished-at="2019-06-09T23:37:28Z">
    <groups>
    </groups>
    <test name="Default test" duration-ms="205731" started-at="2019-06-09T23:34:02Z" finished-at="2019-06-09T23:37:28Z">
      <class name="tests.NewTest">
        <test-method status="PASS" signature="beforeClass()[pri:0, instance:tests.NewTest@5f3a4b84]" name="beforeClass" is-config="true" duration-ms="99353" started-at="2019-06-09T23:34:02Z" finished-at="2019-06-09T23:35:41Z">
          <reporter-output>
          </reporter-output>
        </test-method> <!-- beforeClass -->
        <test-method status="PASS" signature="openMyBlog()[pri:0, instance:tests.NewTest@5f3a4b84]" name="openMyBlog" duration-ms="82314" started-at="2019-06-09T23:35:42Z" finished-at="2019-06-09T23:37:04Z">
          <reporter-output>
          </reporter-output>
        </test-method> <!-- openMyBlog -->
        <test-method status="PASS" signature="afterClass()[pri:0, instance:tests.NewTest@5f3a4b84]" name="afterClass" is-config="true" duration-ms="23733" started-at="2019-06-09T23:37:04Z" finished-at="2019-06-09T23:37:28Z">
          <reporter-output>
          </reporter-output>
        </test-method> <!-- afterClass -->
      </class> <!-- tests.NewTest -->
    </test> <!-- Default test -->
  </suite> <!-- Default suite -->
</testng-results>
